2022-11-23 02:24:08,845:WARNING:
'cuml' is a soft dependency and not included in the pycaret installation. Please run: `pip install cuml` to install.
2022-11-23 02:24:08,845:WARNING:
'cuml' is a soft dependency and not included in the pycaret installation. Please run: `pip install cuml` to install.
2022-11-23 02:24:08,845:WARNING:
'cuml' is a soft dependency and not included in the pycaret installation. Please run: `pip install cuml` to install.
2022-11-23 02:24:08,845:WARNING:
'cuml' is a soft dependency and not included in the pycaret installation. Please run: `pip install cuml` to install.
2022-11-23 02:24:09,807:WARNING:
'prophet' is a soft dependency and not included in the pycaret installation. Please run: `pip install prophet` to install.
2022-11-23 02:24:10,209:INFO:Initializing load_model()
2022-11-23 02:24:10,209:INFO:load_model(model_name=deployment_28042020, platform=None, authentication=None, verbose=True)
2022-11-23 02:25:09,315:WARNING:
'cuml' is a soft dependency and not included in the pycaret installation. Please run: `pip install cuml` to install.
2022-11-23 02:25:09,315:WARNING:
'cuml' is a soft dependency and not included in the pycaret installation. Please run: `pip install cuml` to install.
2022-11-23 02:25:09,315:WARNING:
'cuml' is a soft dependency and not included in the pycaret installation. Please run: `pip install cuml` to install.
2022-11-23 02:25:09,315:WARNING:
'cuml' is a soft dependency and not included in the pycaret installation. Please run: `pip install cuml` to install.
2022-11-23 02:25:09,800:WARNING:
'prophet' is a soft dependency and not included in the pycaret installation. Please run: `pip install prophet` to install.
2022-11-23 02:25:10,156:INFO:Initializing load_model()
2022-11-23 02:25:10,156:INFO:load_model(model_name=deployment_28042020, platform=None, authentication=None, verbose=True)
2022-11-23 04:50:40,809:INFO:Initializing load_model()
2022-11-23 04:50:40,809:INFO:load_model(model_name=deployment_28042020, platform=None, authentication=None, verbose=True)
2022-11-23 04:50:42,555:INFO:Initializing load_model()
2022-11-23 04:50:42,555:INFO:load_model(model_name=deployment_28042020, platform=None, authentication=None, verbose=True)
2022-11-23 04:51:19,165:INFO:Initializing predict_model()
2022-11-23 04:51:19,165:INFO:predict_model(estimator=RandomForestClassifier(max_features='sqrt'), probability_threshold=None, encoded_labels=True, drift_report=False, raw_score=False, round=0, verbose=True, ml_usecase=MLUsecase.REGRESSION, display=None, drift_kwargs=None)
2022-11-23 04:51:19,165:INFO:Checking exceptions
2022-11-23 04:51:19,165:INFO:Preloading libraries
2022-11-23 04:51:19,165:ERROR:Pipeline not found. Exception:
2022-11-23 04:51:19,168:ERROR:Traceback (most recent call last):
  File "C:\Users\Иван\AppData\Local\Programs\Python\Python38\lib\site-packages\pycaret\internal\tabular.py", line 9044, in predict_model
    dtypes = prep_pipe.named_steps["dtypes"]
NameError: name 'prep_pipe' is not defined

2022-11-23 04:52:24,516:INFO:Initializing load_model()
2022-11-23 04:52:24,516:INFO:load_model(model_name=deployment_28042020, platform=None, authentication=None, verbose=True)
2022-11-23 04:57:41,297:INFO:Initializing predict_model()
2022-11-23 04:57:41,297:INFO:predict_model(estimator=RandomForestClassifier(max_features='sqrt'), probability_threshold=None, encoded_labels=True, drift_report=False, raw_score=False, round=0, verbose=True, ml_usecase=MLUsecase.REGRESSION, display=None, drift_kwargs=None)
2022-11-23 04:57:41,297:INFO:Checking exceptions
2022-11-23 04:57:41,298:INFO:Preloading libraries
2022-11-23 04:57:41,298:ERROR:Pipeline not found. Exception:
2022-11-23 04:57:41,300:ERROR:Traceback (most recent call last):
  File "C:\Users\Иван\AppData\Local\Programs\Python\Python38\lib\site-packages\pycaret\internal\tabular.py", line 9044, in predict_model
    dtypes = prep_pipe.named_steps["dtypes"]
NameError: name 'prep_pipe' is not defined

2022-11-23 05:07:14,954:INFO:Initializing predict_model()
2022-11-23 05:07:14,955:INFO:predict_model(estimator=RandomForestClassifier(max_features='sqrt'), probability_threshold=None, encoded_labels=True, drift_report=False, raw_score=False, round=0, verbose=True, ml_usecase=MLUsecase.REGRESSION, display=None, drift_kwargs=None)
2022-11-23 05:07:14,955:INFO:Checking exceptions
2022-11-23 05:07:14,955:INFO:Preloading libraries
2022-11-23 05:07:14,955:ERROR:Pipeline not found. Exception:
2022-11-23 05:07:14,955:ERROR:Traceback (most recent call last):
  File "C:\Users\Иван\AppData\Local\Programs\Python\Python38\lib\site-packages\pycaret\internal\tabular.py", line 9044, in predict_model
    dtypes = prep_pipe.named_steps["dtypes"]
NameError: name 'prep_pipe' is not defined

2022-11-23 05:07:35,793:INFO:Initializing predict_model()
2022-11-23 05:07:35,793:INFO:predict_model(estimator=RandomForestClassifier(max_features='sqrt'), probability_threshold=None, encoded_labels=True, drift_report=False, raw_score=False, round=0, verbose=True, ml_usecase=MLUsecase.REGRESSION, display=None, drift_kwargs=None)
2022-11-23 05:07:35,793:INFO:Checking exceptions
2022-11-23 05:07:35,793:INFO:Preloading libraries
2022-11-23 05:07:35,793:ERROR:Pipeline not found. Exception:
2022-11-23 05:07:35,793:ERROR:Traceback (most recent call last):
  File "C:\Users\Иван\AppData\Local\Programs\Python\Python38\lib\site-packages\pycaret\internal\tabular.py", line 9044, in predict_model
    dtypes = prep_pipe.named_steps["dtypes"]
NameError: name 'prep_pipe' is not defined

2022-11-23 05:09:59,971:INFO:Initializing predict_model()
2022-11-23 05:09:59,971:INFO:predict_model(estimator=RandomForestClassifier(max_features='sqrt'), probability_threshold=None, encoded_labels=True, drift_report=False, raw_score=False, round=0, verbose=True, ml_usecase=MLUsecase.REGRESSION, display=None, drift_kwargs=None)
2022-11-23 05:09:59,971:INFO:Checking exceptions
2022-11-23 05:09:59,971:INFO:Preloading libraries
2022-11-23 05:09:59,971:ERROR:Pipeline not found. Exception:
2022-11-23 05:09:59,971:ERROR:Traceback (most recent call last):
  File "C:\Users\Иван\AppData\Local\Programs\Python\Python38\lib\site-packages\pycaret\internal\tabular.py", line 9044, in predict_model
    dtypes = prep_pipe.named_steps["dtypes"]
NameError: name 'prep_pipe' is not defined

2022-11-23 05:25:11,479:INFO:Initializing load_model()
2022-11-23 05:25:11,479:INFO:load_model(model_name=deployment_28042020, platform=None, authentication=None, verbose=True)
2022-11-23 05:25:13,965:INFO:Initializing predict_model()
2022-11-23 05:25:13,965:INFO:predict_model(estimator=RandomForestClassifier(max_features='sqrt'), probability_threshold=None, encoded_labels=True, drift_report=False, raw_score=False, round=0, verbose=True, ml_usecase=MLUsecase.REGRESSION, display=None, drift_kwargs=None)
2022-11-23 05:25:13,965:INFO:Checking exceptions
2022-11-23 05:25:13,965:INFO:Preloading libraries
2022-11-23 05:25:13,965:ERROR:Pipeline not found. Exception:
2022-11-23 05:25:13,968:ERROR:Traceback (most recent call last):
  File "C:\Users\Иван\AppData\Local\Programs\Python\Python38\lib\site-packages\pycaret\internal\tabular.py", line 9044, in predict_model
    dtypes = prep_pipe.named_steps["dtypes"]
NameError: name 'prep_pipe' is not defined

2022-11-23 05:25:56,846:INFO:Initializing load_model()
2022-11-23 05:25:56,846:INFO:load_model(model_name=deployment_28042020, platform=None, authentication=None, verbose=True)
2022-11-23 05:26:11,760:INFO:Initializing predict_model()
2022-11-23 05:26:11,760:INFO:predict_model(estimator=RandomForestClassifier(max_features='sqrt'), probability_threshold=None, encoded_labels=True, drift_report=False, raw_score=False, round=0, verbose=True, ml_usecase=MLUsecase.REGRESSION, display=None, drift_kwargs=None)
2022-11-23 05:26:11,760:INFO:Checking exceptions
2022-11-23 05:26:11,760:INFO:Preloading libraries
2022-11-23 05:26:11,760:ERROR:Pipeline not found. Exception:
2022-11-23 05:26:11,761:ERROR:Traceback (most recent call last):
  File "C:\Users\Иван\AppData\Local\Programs\Python\Python38\lib\site-packages\pycaret\internal\tabular.py", line 9044, in predict_model
    dtypes = prep_pipe.named_steps["dtypes"]
NameError: name 'prep_pipe' is not defined

2022-11-23 05:37:53,906:INFO:Initializing load_model()
2022-11-23 05:37:53,907:INFO:load_model(model_name=my_best_pipeline, platform=None, authentication=None, verbose=True)
2022-11-23 05:38:02,810:INFO:Initializing predict_model()
2022-11-23 05:38:02,810:INFO:predict_model(estimator=Pipeline(steps=[('dtypes',
                 DataTypes_Auto_infer(ml_usecase='classification',
                                      target='stroke')),
                ('imputer',
                 Simple_Imputer(categorical_strategy='not_available',
                                fill_value_categorical=None,
                                fill_value_numerical=None,
                                numeric_strategy='mean',
                                target_variable=None)),
                ('new_levels1',
                 New_Catagorical_Levels_in_TestData(replacement_strategy='least '
                                                                         'frequent',
                                                    targ...
                ('binn', 'passthrough'), ('rem_outliers', 'passthrough'),
                ('cluster_all', 'passthrough'),
                ('dummy', Dummify(target='stroke')),
                ('fix_perfect', Remove_100(target='stroke')),
                ('clean_names', Clean_Colum_Names()),
                ('feature_select', 'passthrough'), ('fix_multi', 'passthrough'),
                ('dfs', 'passthrough'), ('pca', 'passthrough'),
                ['trained_model', KNeighborsClassifier(n_jobs=-1)]]), probability_threshold=None, encoded_labels=True, drift_report=False, raw_score=False, round=0, verbose=True, ml_usecase=MLUsecase.REGRESSION, display=None, drift_kwargs=None)
2022-11-23 05:38:02,810:INFO:Checking exceptions
2022-11-23 05:38:02,810:INFO:Preloading libraries
2022-11-23 05:38:39,255:INFO:Initializing load_model()
2022-11-23 05:38:39,255:INFO:load_model(model_name=my_best_pipeline, platform=None, authentication=None, verbose=True)
2022-11-23 05:38:52,994:INFO:Initializing predict_model()
2022-11-23 05:38:52,994:INFO:predict_model(estimator=Pipeline(steps=[('dtypes',
                 DataTypes_Auto_infer(ml_usecase='classification',
                                      target='stroke')),
                ('imputer',
                 Simple_Imputer(categorical_strategy='not_available',
                                fill_value_categorical=None,
                                fill_value_numerical=None,
                                numeric_strategy='mean',
                                target_variable=None)),
                ('new_levels1',
                 New_Catagorical_Levels_in_TestData(replacement_strategy='least '
                                                                         'frequent',
                                                    targ...
                ('binn', 'passthrough'), ('rem_outliers', 'passthrough'),
                ('cluster_all', 'passthrough'),
                ('dummy', Dummify(target='stroke')),
                ('fix_perfect', Remove_100(target='stroke')),
                ('clean_names', Clean_Colum_Names()),
                ('feature_select', 'passthrough'), ('fix_multi', 'passthrough'),
                ('dfs', 'passthrough'), ('pca', 'passthrough'),
                ['trained_model', KNeighborsClassifier(n_jobs=-1)]]), probability_threshold=None, encoded_labels=True, drift_report=False, raw_score=False, round=0, verbose=True, ml_usecase=MLUsecase.REGRESSION, display=None, drift_kwargs=None)
2022-11-23 05:38:52,994:INFO:Checking exceptions
2022-11-23 05:38:52,994:INFO:Preloading libraries
2022-11-23 05:40:05,134:INFO:Initializing predict_model()
2022-11-23 05:40:05,134:INFO:predict_model(estimator=Pipeline(steps=[('dtypes',
                 DataTypes_Auto_infer(ml_usecase='classification',
                                      target='stroke')),
                ('imputer',
                 Simple_Imputer(categorical_strategy='not_available',
                                fill_value_categorical=None,
                                fill_value_numerical=None,
                                numeric_strategy='mean',
                                target_variable=None)),
                ('new_levels1',
                 New_Catagorical_Levels_in_TestData(replacement_strategy='least '
                                                                         'frequent',
                                                    targ...
                ('binn', 'passthrough'), ('rem_outliers', 'passthrough'),
                ('cluster_all', 'passthrough'),
                ('dummy', Dummify(target='stroke')),
                ('fix_perfect', Remove_100(target='stroke')),
                ('clean_names', Clean_Colum_Names()),
                ('feature_select', 'passthrough'), ('fix_multi', 'passthrough'),
                ('dfs', 'passthrough'), ('pca', 'passthrough'),
                ['trained_model', KNeighborsClassifier(n_jobs=-1)]]), probability_threshold=None, encoded_labels=True, drift_report=False, raw_score=False, round=0, verbose=True, ml_usecase=MLUsecase.REGRESSION, display=None, drift_kwargs=None)
2022-11-23 05:40:05,134:INFO:Checking exceptions
2022-11-23 05:40:05,134:INFO:Preloading libraries
2022-11-23 05:41:02,369:INFO:Initializing predict_model()
2022-11-23 05:41:02,369:INFO:predict_model(estimator=Pipeline(steps=[('dtypes',
                 DataTypes_Auto_infer(ml_usecase='classification',
                                      target='stroke')),
                ('imputer',
                 Simple_Imputer(categorical_strategy='not_available',
                                fill_value_categorical=None,
                                fill_value_numerical=None,
                                numeric_strategy='mean',
                                target_variable=None)),
                ('new_levels1',
                 New_Catagorical_Levels_in_TestData(replacement_strategy='least '
                                                                         'frequent',
                                                    targ...
                ('binn', 'passthrough'), ('rem_outliers', 'passthrough'),
                ('cluster_all', 'passthrough'),
                ('dummy', Dummify(target='stroke')),
                ('fix_perfect', Remove_100(target='stroke')),
                ('clean_names', Clean_Colum_Names()),
                ('feature_select', 'passthrough'), ('fix_multi', 'passthrough'),
                ('dfs', 'passthrough'), ('pca', 'passthrough'),
                ['trained_model', KNeighborsClassifier(n_jobs=-1)]]), probability_threshold=None, encoded_labels=True, drift_report=False, raw_score=False, round=0, verbose=True, ml_usecase=MLUsecase.REGRESSION, display=None, drift_kwargs=None)
2022-11-23 05:41:02,369:INFO:Checking exceptions
2022-11-23 05:41:02,369:INFO:Preloading libraries
2022-11-23 05:41:24,650:INFO:Initializing predict_model()
2022-11-23 05:41:24,650:INFO:predict_model(estimator=Pipeline(steps=[('dtypes',
                 DataTypes_Auto_infer(ml_usecase='classification',
                                      target='stroke')),
                ('imputer',
                 Simple_Imputer(categorical_strategy='not_available',
                                fill_value_categorical=None,
                                fill_value_numerical=None,
                                numeric_strategy='mean',
                                target_variable=None)),
                ('new_levels1',
                 New_Catagorical_Levels_in_TestData(replacement_strategy='least '
                                                                         'frequent',
                                                    targ...
                ('binn', 'passthrough'), ('rem_outliers', 'passthrough'),
                ('cluster_all', 'passthrough'),
                ('dummy', Dummify(target='stroke')),
                ('fix_perfect', Remove_100(target='stroke')),
                ('clean_names', Clean_Colum_Names()),
                ('feature_select', 'passthrough'), ('fix_multi', 'passthrough'),
                ('dfs', 'passthrough'), ('pca', 'passthrough'),
                ['trained_model', KNeighborsClassifier(n_jobs=-1)]]), probability_threshold=None, encoded_labels=True, drift_report=False, raw_score=False, round=0, verbose=True, ml_usecase=MLUsecase.REGRESSION, display=None, drift_kwargs=None)
2022-11-23 05:41:24,650:INFO:Checking exceptions
2022-11-23 05:41:24,650:INFO:Preloading libraries
2022-11-23 05:43:41,678:INFO:Initializing predict_model()
2022-11-23 05:43:41,678:INFO:predict_model(estimator=Pipeline(steps=[('dtypes',
                 DataTypes_Auto_infer(ml_usecase='classification',
                                      target='stroke')),
                ('imputer',
                 Simple_Imputer(categorical_strategy='not_available',
                                fill_value_categorical=None,
                                fill_value_numerical=None,
                                numeric_strategy='mean',
                                target_variable=None)),
                ('new_levels1',
                 New_Catagorical_Levels_in_TestData(replacement_strategy='least '
                                                                         'frequent',
                                                    targ...
                ('binn', 'passthrough'), ('rem_outliers', 'passthrough'),
                ('cluster_all', 'passthrough'),
                ('dummy', Dummify(target='stroke')),
                ('fix_perfect', Remove_100(target='stroke')),
                ('clean_names', Clean_Colum_Names()),
                ('feature_select', 'passthrough'), ('fix_multi', 'passthrough'),
                ('dfs', 'passthrough'), ('pca', 'passthrough'),
                ['trained_model', KNeighborsClassifier(n_jobs=-1)]]), probability_threshold=None, encoded_labels=True, drift_report=False, raw_score=False, round=0, verbose=True, ml_usecase=MLUsecase.REGRESSION, display=None, drift_kwargs=None)
2022-11-23 05:43:41,678:INFO:Checking exceptions
2022-11-23 05:43:41,678:INFO:Preloading libraries
2022-11-23 05:43:45,287:INFO:Initializing predict_model()
2022-11-23 05:43:45,287:INFO:predict_model(estimator=Pipeline(steps=[('dtypes',
                 DataTypes_Auto_infer(ml_usecase='classification',
                                      target='stroke')),
                ('imputer',
                 Simple_Imputer(categorical_strategy='not_available',
                                fill_value_categorical=None,
                                fill_value_numerical=None,
                                numeric_strategy='mean',
                                target_variable=None)),
                ('new_levels1',
                 New_Catagorical_Levels_in_TestData(replacement_strategy='least '
                                                                         'frequent',
                                                    targ...
                ('binn', 'passthrough'), ('rem_outliers', 'passthrough'),
                ('cluster_all', 'passthrough'),
                ('dummy', Dummify(target='stroke')),
                ('fix_perfect', Remove_100(target='stroke')),
                ('clean_names', Clean_Colum_Names()),
                ('feature_select', 'passthrough'), ('fix_multi', 'passthrough'),
                ('dfs', 'passthrough'), ('pca', 'passthrough'),
                ['trained_model', KNeighborsClassifier(n_jobs=-1)]]), probability_threshold=None, encoded_labels=True, drift_report=False, raw_score=False, round=0, verbose=True, ml_usecase=MLUsecase.REGRESSION, display=None, drift_kwargs=None)
2022-11-23 05:43:45,287:INFO:Checking exceptions
2022-11-23 05:43:45,288:INFO:Preloading libraries
2022-11-23 05:45:04,455:INFO:Initializing load_model()
2022-11-23 05:45:04,455:INFO:load_model(model_name=my_best_pipeline, platform=None, authentication=None, verbose=True)
2022-11-23 05:45:04,733:INFO:Initializing predict_model()
2022-11-23 05:45:04,734:INFO:predict_model(estimator=Pipeline(steps=[('dtypes',
                 DataTypes_Auto_infer(ml_usecase='classification',
                                      target='stroke')),
                ('imputer',
                 Simple_Imputer(categorical_strategy='not_available',
                                fill_value_categorical=None,
                                fill_value_numerical=None,
                                numeric_strategy='mean',
                                target_variable=None)),
                ('new_levels1',
                 New_Catagorical_Levels_in_TestData(replacement_strategy='least '
                                                                         'frequent',
                                                    targ...
                ('binn', 'passthrough'), ('rem_outliers', 'passthrough'),
                ('cluster_all', 'passthrough'),
                ('dummy', Dummify(target='stroke')),
                ('fix_perfect', Remove_100(target='stroke')),
                ('clean_names', Clean_Colum_Names()),
                ('feature_select', 'passthrough'), ('fix_multi', 'passthrough'),
                ('dfs', 'passthrough'), ('pca', 'passthrough'),
                ['trained_model', KNeighborsClassifier(n_jobs=-1)]]), probability_threshold=None, encoded_labels=True, drift_report=False, raw_score=False, round=0, verbose=True, ml_usecase=MLUsecase.REGRESSION, display=None, drift_kwargs=None)
2022-11-23 05:45:04,734:INFO:Checking exceptions
2022-11-23 05:45:04,734:INFO:Preloading libraries
2022-11-23 05:45:34,808:INFO:Initializing predict_model()
2022-11-23 05:45:34,808:INFO:predict_model(estimator=Pipeline(steps=[('dtypes',
                 DataTypes_Auto_infer(ml_usecase='classification',
                                      target='stroke')),
                ('imputer',
                 Simple_Imputer(categorical_strategy='not_available',
                                fill_value_categorical=None,
                                fill_value_numerical=None,
                                numeric_strategy='mean',
                                target_variable=None)),
                ('new_levels1',
                 New_Catagorical_Levels_in_TestData(replacement_strategy='least '
                                                                         'frequent',
                                                    targ...
                ('binn', 'passthrough'), ('rem_outliers', 'passthrough'),
                ('cluster_all', 'passthrough'),
                ('dummy', Dummify(target='stroke')),
                ('fix_perfect', Remove_100(target='stroke')),
                ('clean_names', Clean_Colum_Names()),
                ('feature_select', 'passthrough'), ('fix_multi', 'passthrough'),
                ('dfs', 'passthrough'), ('pca', 'passthrough'),
                ['trained_model', KNeighborsClassifier(n_jobs=-1)]]), probability_threshold=None, encoded_labels=True, drift_report=False, raw_score=False, round=0, verbose=True, ml_usecase=MLUsecase.REGRESSION, display=None, drift_kwargs=None)
2022-11-23 05:45:34,808:INFO:Checking exceptions
2022-11-23 05:45:34,808:INFO:Preloading libraries
2022-11-23 05:45:41,048:INFO:Initializing predict_model()
2022-11-23 05:45:41,048:INFO:predict_model(estimator=Pipeline(steps=[('dtypes',
                 DataTypes_Auto_infer(ml_usecase='classification',
                                      target='stroke')),
                ('imputer',
                 Simple_Imputer(categorical_strategy='not_available',
                                fill_value_categorical=None,
                                fill_value_numerical=None,
                                numeric_strategy='mean',
                                target_variable=None)),
                ('new_levels1',
                 New_Catagorical_Levels_in_TestData(replacement_strategy='least '
                                                                         'frequent',
                                                    targ...
                ('binn', 'passthrough'), ('rem_outliers', 'passthrough'),
                ('cluster_all', 'passthrough'),
                ('dummy', Dummify(target='stroke')),
                ('fix_perfect', Remove_100(target='stroke')),
                ('clean_names', Clean_Colum_Names()),
                ('feature_select', 'passthrough'), ('fix_multi', 'passthrough'),
                ('dfs', 'passthrough'), ('pca', 'passthrough'),
                ['trained_model', KNeighborsClassifier(n_jobs=-1)]]), probability_threshold=None, encoded_labels=True, drift_report=False, raw_score=False, round=0, verbose=True, ml_usecase=MLUsecase.REGRESSION, display=None, drift_kwargs=None)
2022-11-23 05:45:41,049:INFO:Checking exceptions
2022-11-23 05:45:41,049:INFO:Preloading libraries
2022-11-23 05:49:44,138:INFO:Initializing predict_model()
2022-11-23 05:49:44,138:INFO:predict_model(estimator=Pipeline(steps=[('dtypes',
                 DataTypes_Auto_infer(ml_usecase='classification',
                                      target='stroke')),
                ('imputer',
                 Simple_Imputer(categorical_strategy='not_available',
                                fill_value_categorical=None,
                                fill_value_numerical=None,
                                numeric_strategy='mean',
                                target_variable=None)),
                ('new_levels1',
                 New_Catagorical_Levels_in_TestData(replacement_strategy='least '
                                                                         'frequent',
                                                    targ...
                ('binn', 'passthrough'), ('rem_outliers', 'passthrough'),
                ('cluster_all', 'passthrough'),
                ('dummy', Dummify(target='stroke')),
                ('fix_perfect', Remove_100(target='stroke')),
                ('clean_names', Clean_Colum_Names()),
                ('feature_select', 'passthrough'), ('fix_multi', 'passthrough'),
                ('dfs', 'passthrough'), ('pca', 'passthrough'),
                ['trained_model', KNeighborsClassifier(n_jobs=-1)]]), probability_threshold=None, encoded_labels=True, drift_report=False, raw_score=False, round=0, verbose=True, ml_usecase=MLUsecase.REGRESSION, display=None, drift_kwargs=None)
2022-11-23 05:49:44,138:INFO:Checking exceptions
2022-11-23 05:49:44,138:INFO:Preloading libraries
2022-11-23 05:52:07,000:INFO:Initializing predict_model()
2022-11-23 05:52:07,000:INFO:predict_model(estimator=Pipeline(steps=[('dtypes',
                 DataTypes_Auto_infer(ml_usecase='classification',
                                      target='stroke')),
                ('imputer',
                 Simple_Imputer(categorical_strategy='not_available',
                                fill_value_categorical=None,
                                fill_value_numerical=None,
                                numeric_strategy='mean',
                                target_variable=None)),
                ('new_levels1',
                 New_Catagorical_Levels_in_TestData(replacement_strategy='least '
                                                                         'frequent',
                                                    targ...
                ('binn', 'passthrough'), ('rem_outliers', 'passthrough'),
                ('cluster_all', 'passthrough'),
                ('dummy', Dummify(target='stroke')),
                ('fix_perfect', Remove_100(target='stroke')),
                ('clean_names', Clean_Colum_Names()),
                ('feature_select', 'passthrough'), ('fix_multi', 'passthrough'),
                ('dfs', 'passthrough'), ('pca', 'passthrough'),
                ['trained_model', KNeighborsClassifier(n_jobs=-1)]]), probability_threshold=None, encoded_labels=True, drift_report=False, raw_score=False, round=0, verbose=True, ml_usecase=MLUsecase.REGRESSION, display=None, drift_kwargs=None)
2022-11-23 05:52:07,000:INFO:Checking exceptions
2022-11-23 05:52:07,000:INFO:Preloading libraries
2022-11-23 05:52:34,150:INFO:Initializing predict_model()
2022-11-23 05:52:34,150:INFO:predict_model(estimator=Pipeline(steps=[('dtypes',
                 DataTypes_Auto_infer(ml_usecase='classification',
                                      target='stroke')),
                ('imputer',
                 Simple_Imputer(categorical_strategy='not_available',
                                fill_value_categorical=None,
                                fill_value_numerical=None,
                                numeric_strategy='mean',
                                target_variable=None)),
                ('new_levels1',
                 New_Catagorical_Levels_in_TestData(replacement_strategy='least '
                                                                         'frequent',
                                                    targ...
                ('binn', 'passthrough'), ('rem_outliers', 'passthrough'),
                ('cluster_all', 'passthrough'),
                ('dummy', Dummify(target='stroke')),
                ('fix_perfect', Remove_100(target='stroke')),
                ('clean_names', Clean_Colum_Names()),
                ('feature_select', 'passthrough'), ('fix_multi', 'passthrough'),
                ('dfs', 'passthrough'), ('pca', 'passthrough'),
                ['trained_model', KNeighborsClassifier(n_jobs=-1)]]), probability_threshold=None, encoded_labels=True, drift_report=False, raw_score=False, round=0, verbose=True, ml_usecase=MLUsecase.REGRESSION, display=None, drift_kwargs=None)
2022-11-23 05:52:34,150:INFO:Checking exceptions
2022-11-23 05:52:34,150:INFO:Preloading libraries
2022-11-23 05:54:02,983:INFO:Initializing load_model()
2022-11-23 05:54:02,983:INFO:load_model(model_name=my_best_pipeline, platform=None, authentication=None, verbose=True)
2022-11-23 05:54:08,755:INFO:Initializing predict_model()
2022-11-23 05:54:08,755:INFO:predict_model(estimator=Pipeline(steps=[('dtypes',
                 DataTypes_Auto_infer(ml_usecase='classification',
                                      target='stroke')),
                ('imputer',
                 Simple_Imputer(categorical_strategy='not_available',
                                fill_value_categorical=None,
                                fill_value_numerical=None,
                                numeric_strategy='mean',
                                target_variable=None)),
                ('new_levels1',
                 New_Catagorical_Levels_in_TestData(replacement_strategy='least '
                                                                         'frequent',
                                                    targ...
                ('binn', 'passthrough'), ('rem_outliers', 'passthrough'),
                ('cluster_all', 'passthrough'),
                ('dummy', Dummify(target='stroke')),
                ('fix_perfect', Remove_100(target='stroke')),
                ('clean_names', Clean_Colum_Names()),
                ('feature_select', 'passthrough'), ('fix_multi', 'passthrough'),
                ('dfs', 'passthrough'), ('pca', 'passthrough'),
                ['trained_model', KNeighborsClassifier(n_jobs=-1)]]), probability_threshold=None, encoded_labels=True, drift_report=False, raw_score=False, round=1, verbose=True, ml_usecase=MLUsecase.REGRESSION, display=None, drift_kwargs=None)
2022-11-23 05:54:08,756:INFO:Checking exceptions
2022-11-23 05:54:08,756:INFO:Preloading libraries
2022-11-23 05:54:21,401:INFO:Initializing predict_model()
2022-11-23 05:54:21,401:INFO:predict_model(estimator=Pipeline(steps=[('dtypes',
                 DataTypes_Auto_infer(ml_usecase='classification',
                                      target='stroke')),
                ('imputer',
                 Simple_Imputer(categorical_strategy='not_available',
                                fill_value_categorical=None,
                                fill_value_numerical=None,
                                numeric_strategy='mean',
                                target_variable=None)),
                ('new_levels1',
                 New_Catagorical_Levels_in_TestData(replacement_strategy='least '
                                                                         'frequent',
                                                    targ...
                ('binn', 'passthrough'), ('rem_outliers', 'passthrough'),
                ('cluster_all', 'passthrough'),
                ('dummy', Dummify(target='stroke')),
                ('fix_perfect', Remove_100(target='stroke')),
                ('clean_names', Clean_Colum_Names()),
                ('feature_select', 'passthrough'), ('fix_multi', 'passthrough'),
                ('dfs', 'passthrough'), ('pca', 'passthrough'),
                ['trained_model', KNeighborsClassifier(n_jobs=-1)]]), probability_threshold=None, encoded_labels=True, drift_report=False, raw_score=False, round=1, verbose=True, ml_usecase=MLUsecase.REGRESSION, display=None, drift_kwargs=None)
2022-11-23 05:54:21,401:INFO:Checking exceptions
2022-11-23 05:54:21,401:INFO:Preloading libraries
2022-11-23 06:16:26,275:INFO:Initializing predict_model()
2022-11-23 06:16:26,275:INFO:predict_model(estimator=Pipeline(steps=[('dtypes',
                 DataTypes_Auto_infer(ml_usecase='classification',
                                      target='stroke')),
                ('imputer',
                 Simple_Imputer(categorical_strategy='not_available',
                                fill_value_categorical=None,
                                fill_value_numerical=None,
                                numeric_strategy='mean',
                                target_variable=None)),
                ('new_levels1',
                 New_Catagorical_Levels_in_TestData(replacement_strategy='least '
                                                                         'frequent',
                                                    targ...
                ('binn', 'passthrough'), ('rem_outliers', 'passthrough'),
                ('cluster_all', 'passthrough'),
                ('dummy', Dummify(target='stroke')),
                ('fix_perfect', Remove_100(target='stroke')),
                ('clean_names', Clean_Colum_Names()),
                ('feature_select', 'passthrough'), ('fix_multi', 'passthrough'),
                ('dfs', 'passthrough'), ('pca', 'passthrough'),
                ['trained_model', KNeighborsClassifier(n_jobs=-1)]]), probability_threshold=None, encoded_labels=True, drift_report=False, raw_score=False, round=1, verbose=True, ml_usecase=MLUsecase.REGRESSION, display=None, drift_kwargs=None)
2022-11-23 06:16:26,275:INFO:Checking exceptions
2022-11-23 06:16:26,275:INFO:Preloading libraries
2022-11-23 07:09:26,220:INFO:Initializing load_model()
2022-11-23 07:09:26,221:INFO:load_model(model_name=my_best_pipeline1, platform=None, authentication=None, verbose=True)
2022-11-23 07:09:30,056:INFO:Initializing predict_model()
2022-11-23 07:09:30,057:INFO:predict_model(estimator=Pipeline(steps=[('dtypes',
                 DataTypes_Auto_infer(ml_usecase='regression',
                                      target='stroke')),
                ('imputer',
                 Simple_Imputer(categorical_strategy='not_available',
                                fill_value_categorical=None,
                                fill_value_numerical=None,
                                numeric_strategy='mean',
                                target_variable=None)),
                ('new_levels1',
                 New_Catagorical_Levels_in_TestData(replacement_strategy='least '
                                                                         'frequent',
                                                    target='...
                ('binn', 'passthrough'), ('rem_outliers', 'passthrough'),
                ('cluster_all', 'passthrough'),
                ('dummy', Dummify(target='stroke')),
                ('fix_perfect', Remove_100(target='stroke')),
                ('clean_names', Clean_Colum_Names()),
                ('feature_select', 'passthrough'), ('fix_multi', 'passthrough'),
                ('dfs', 'passthrough'), ('pca', 'passthrough'),
                ['trained_model', LinearRegression(n_jobs=-1)]]), probability_threshold=None, encoded_labels=True, drift_report=False, raw_score=False, round=1, verbose=True, ml_usecase=MLUsecase.REGRESSION, display=None, drift_kwargs=None)
2022-11-23 07:09:30,057:INFO:Checking exceptions
2022-11-23 07:09:30,057:INFO:Preloading libraries
2022-11-23 07:09:45,010:INFO:Initializing predict_model()
2022-11-23 07:09:45,010:INFO:predict_model(estimator=Pipeline(steps=[('dtypes',
                 DataTypes_Auto_infer(ml_usecase='regression',
                                      target='stroke')),
                ('imputer',
                 Simple_Imputer(categorical_strategy='not_available',
                                fill_value_categorical=None,
                                fill_value_numerical=None,
                                numeric_strategy='mean',
                                target_variable=None)),
                ('new_levels1',
                 New_Catagorical_Levels_in_TestData(replacement_strategy='least '
                                                                         'frequent',
                                                    target='...
                ('binn', 'passthrough'), ('rem_outliers', 'passthrough'),
                ('cluster_all', 'passthrough'),
                ('dummy', Dummify(target='stroke')),
                ('fix_perfect', Remove_100(target='stroke')),
                ('clean_names', Clean_Colum_Names()),
                ('feature_select', 'passthrough'), ('fix_multi', 'passthrough'),
                ('dfs', 'passthrough'), ('pca', 'passthrough'),
                ['trained_model', LinearRegression(n_jobs=-1)]]), probability_threshold=None, encoded_labels=True, drift_report=False, raw_score=False, round=1, verbose=True, ml_usecase=MLUsecase.REGRESSION, display=None, drift_kwargs=None)
2022-11-23 07:09:45,010:INFO:Checking exceptions
2022-11-23 07:09:45,011:INFO:Preloading libraries
2022-11-23 07:10:05,566:INFO:Initializing predict_model()
2022-11-23 07:10:05,566:INFO:predict_model(estimator=Pipeline(steps=[('dtypes',
                 DataTypes_Auto_infer(ml_usecase='regression',
                                      target='stroke')),
                ('imputer',
                 Simple_Imputer(categorical_strategy='not_available',
                                fill_value_categorical=None,
                                fill_value_numerical=None,
                                numeric_strategy='mean',
                                target_variable=None)),
                ('new_levels1',
                 New_Catagorical_Levels_in_TestData(replacement_strategy='least '
                                                                         'frequent',
                                                    target='...
                ('binn', 'passthrough'), ('rem_outliers', 'passthrough'),
                ('cluster_all', 'passthrough'),
                ('dummy', Dummify(target='stroke')),
                ('fix_perfect', Remove_100(target='stroke')),
                ('clean_names', Clean_Colum_Names()),
                ('feature_select', 'passthrough'), ('fix_multi', 'passthrough'),
                ('dfs', 'passthrough'), ('pca', 'passthrough'),
                ['trained_model', LinearRegression(n_jobs=-1)]]), probability_threshold=None, encoded_labels=True, drift_report=False, raw_score=False, round=1, verbose=True, ml_usecase=MLUsecase.REGRESSION, display=None, drift_kwargs=None)
2022-11-23 07:10:05,567:INFO:Checking exceptions
2022-11-23 07:10:05,567:INFO:Preloading libraries
2022-11-23 08:21:17,267:INFO:Initializing load_model()
2022-11-23 08:21:17,268:INFO:load_model(model_name=my_best_pipeline2, platform=None, authentication=None, verbose=True)
2022-11-23 08:21:30,751:INFO:Initializing load_model()
2022-11-23 08:21:30,751:INFO:load_model(model_name=my_best_pipeline2, platform=None, authentication=None, verbose=True)
2022-11-23 08:21:32,523:INFO:Initializing load_model()
2022-11-23 08:21:32,523:INFO:load_model(model_name=my_best_pipeline2, platform=None, authentication=None, verbose=True)
2022-11-23 08:21:56,389:INFO:Initializing predict_model()
2022-11-23 08:21:56,389:INFO:predict_model(estimator=Pipeline(steps=[('dtypes',
                 DataTypes_Auto_infer(ml_usecase='regression',
                                      target='stroke')),
                ('imputer',
                 Simple_Imputer(categorical_strategy='not_available',
                                fill_value_categorical=None,
                                fill_value_numerical=None,
                                numeric_strategy='mean',
                                target_variable=None)),
                ('new_levels1',
                 New_Catagorical_Levels_in_TestData(replacement_strategy='least '
                                                                         'frequent',
                                                    target='...
                ('scaling', 'passthrough'), ('P_transform', 'passthrough'),
                ('binn', 'passthrough'), ('rem_outliers', 'passthrough'),
                ('cluster_all', 'passthrough'),
                ('dummy', Dummify(target='stroke')),
                ('fix_perfect', Remove_100(target='stroke')),
                ('clean_names', Clean_Colum_Names()),
                ('feature_select', 'passthrough'), ('fix_multi', 'passthrough'),
                ('dfs', 'passthrough'), ('pca', 'passthrough'),
                ['trained_model', Ridge(random_state=5342)]]), probability_threshold=None, encoded_labels=True, drift_report=False, raw_score=False, round=1, verbose=True, ml_usecase=MLUsecase.REGRESSION, display=None, drift_kwargs=None)
2022-11-23 08:21:56,389:INFO:Checking exceptions
2022-11-23 08:21:56,389:INFO:Preloading libraries
2022-11-23 08:24:31,698:INFO:Initializing predict_model()
2022-11-23 08:24:31,698:INFO:predict_model(estimator=Pipeline(steps=[('dtypes',
                 DataTypes_Auto_infer(ml_usecase='regression',
                                      target='stroke')),
                ('imputer',
                 Simple_Imputer(categorical_strategy='not_available',
                                fill_value_categorical=None,
                                fill_value_numerical=None,
                                numeric_strategy='mean',
                                target_variable=None)),
                ('new_levels1',
                 New_Catagorical_Levels_in_TestData(replacement_strategy='least '
                                                                         'frequent',
                                                    target='...
                ('scaling', 'passthrough'), ('P_transform', 'passthrough'),
                ('binn', 'passthrough'), ('rem_outliers', 'passthrough'),
                ('cluster_all', 'passthrough'),
                ('dummy', Dummify(target='stroke')),
                ('fix_perfect', Remove_100(target='stroke')),
                ('clean_names', Clean_Colum_Names()),
                ('feature_select', 'passthrough'), ('fix_multi', 'passthrough'),
                ('dfs', 'passthrough'), ('pca', 'passthrough'),
                ['trained_model', Ridge(random_state=5342)]]), probability_threshold=None, encoded_labels=True, drift_report=False, raw_score=False, round=1, verbose=True, ml_usecase=MLUsecase.REGRESSION, display=None, drift_kwargs=None)
2022-11-23 08:24:31,698:INFO:Checking exceptions
2022-11-23 08:24:31,698:INFO:Preloading libraries
2022-11-23 08:24:43,202:INFO:Initializing predict_model()
2022-11-23 08:24:43,202:INFO:predict_model(estimator=Pipeline(steps=[('dtypes',
                 DataTypes_Auto_infer(ml_usecase='regression',
                                      target='stroke')),
                ('imputer',
                 Simple_Imputer(categorical_strategy='not_available',
                                fill_value_categorical=None,
                                fill_value_numerical=None,
                                numeric_strategy='mean',
                                target_variable=None)),
                ('new_levels1',
                 New_Catagorical_Levels_in_TestData(replacement_strategy='least '
                                                                         'frequent',
                                                    target='...
                ('scaling', 'passthrough'), ('P_transform', 'passthrough'),
                ('binn', 'passthrough'), ('rem_outliers', 'passthrough'),
                ('cluster_all', 'passthrough'),
                ('dummy', Dummify(target='stroke')),
                ('fix_perfect', Remove_100(target='stroke')),
                ('clean_names', Clean_Colum_Names()),
                ('feature_select', 'passthrough'), ('fix_multi', 'passthrough'),
                ('dfs', 'passthrough'), ('pca', 'passthrough'),
                ['trained_model', Ridge(random_state=5342)]]), probability_threshold=None, encoded_labels=True, drift_report=False, raw_score=False, round=1, verbose=True, ml_usecase=MLUsecase.REGRESSION, display=None, drift_kwargs=None)
2022-11-23 08:24:43,202:INFO:Checking exceptions
2022-11-23 08:24:43,202:INFO:Preloading libraries
2022-11-23 08:24:56,207:INFO:Initializing predict_model()
2022-11-23 08:24:56,207:INFO:predict_model(estimator=Pipeline(steps=[('dtypes',
                 DataTypes_Auto_infer(ml_usecase='regression',
                                      target='stroke')),
                ('imputer',
                 Simple_Imputer(categorical_strategy='not_available',
                                fill_value_categorical=None,
                                fill_value_numerical=None,
                                numeric_strategy='mean',
                                target_variable=None)),
                ('new_levels1',
                 New_Catagorical_Levels_in_TestData(replacement_strategy='least '
                                                                         'frequent',
                                                    target='...
                ('scaling', 'passthrough'), ('P_transform', 'passthrough'),
                ('binn', 'passthrough'), ('rem_outliers', 'passthrough'),
                ('cluster_all', 'passthrough'),
                ('dummy', Dummify(target='stroke')),
                ('fix_perfect', Remove_100(target='stroke')),
                ('clean_names', Clean_Colum_Names()),
                ('feature_select', 'passthrough'), ('fix_multi', 'passthrough'),
                ('dfs', 'passthrough'), ('pca', 'passthrough'),
                ['trained_model', Ridge(random_state=5342)]]), probability_threshold=None, encoded_labels=True, drift_report=False, raw_score=False, round=1, verbose=True, ml_usecase=MLUsecase.REGRESSION, display=None, drift_kwargs=None)
2022-11-23 08:24:56,207:INFO:Checking exceptions
2022-11-23 08:24:56,207:INFO:Preloading libraries
2022-11-23 08:25:24,956:INFO:Initializing predict_model()
2022-11-23 08:25:24,956:INFO:predict_model(estimator=Pipeline(steps=[('dtypes',
                 DataTypes_Auto_infer(ml_usecase='regression',
                                      target='stroke')),
                ('imputer',
                 Simple_Imputer(categorical_strategy='not_available',
                                fill_value_categorical=None,
                                fill_value_numerical=None,
                                numeric_strategy='mean',
                                target_variable=None)),
                ('new_levels1',
                 New_Catagorical_Levels_in_TestData(replacement_strategy='least '
                                                                         'frequent',
                                                    target='...
                ('scaling', 'passthrough'), ('P_transform', 'passthrough'),
                ('binn', 'passthrough'), ('rem_outliers', 'passthrough'),
                ('cluster_all', 'passthrough'),
                ('dummy', Dummify(target='stroke')),
                ('fix_perfect', Remove_100(target='stroke')),
                ('clean_names', Clean_Colum_Names()),
                ('feature_select', 'passthrough'), ('fix_multi', 'passthrough'),
                ('dfs', 'passthrough'), ('pca', 'passthrough'),
                ['trained_model', Ridge(random_state=5342)]]), probability_threshold=None, encoded_labels=True, drift_report=False, raw_score=False, round=1, verbose=True, ml_usecase=MLUsecase.REGRESSION, display=None, drift_kwargs=None)
2022-11-23 08:25:24,956:INFO:Checking exceptions
2022-11-23 08:25:24,956:INFO:Preloading libraries
2022-11-23 08:26:40,236:INFO:Initializing predict_model()
2022-11-23 08:26:40,236:INFO:predict_model(estimator=Pipeline(steps=[('dtypes',
                 DataTypes_Auto_infer(ml_usecase='regression',
                                      target='stroke')),
                ('imputer',
                 Simple_Imputer(categorical_strategy='not_available',
                                fill_value_categorical=None,
                                fill_value_numerical=None,
                                numeric_strategy='mean',
                                target_variable=None)),
                ('new_levels1',
                 New_Catagorical_Levels_in_TestData(replacement_strategy='least '
                                                                         'frequent',
                                                    target='...
                ('scaling', 'passthrough'), ('P_transform', 'passthrough'),
                ('binn', 'passthrough'), ('rem_outliers', 'passthrough'),
                ('cluster_all', 'passthrough'),
                ('dummy', Dummify(target='stroke')),
                ('fix_perfect', Remove_100(target='stroke')),
                ('clean_names', Clean_Colum_Names()),
                ('feature_select', 'passthrough'), ('fix_multi', 'passthrough'),
                ('dfs', 'passthrough'), ('pca', 'passthrough'),
                ['trained_model', Ridge(random_state=5342)]]), probability_threshold=None, encoded_labels=True, drift_report=False, raw_score=False, round=1, verbose=True, ml_usecase=MLUsecase.REGRESSION, display=None, drift_kwargs=None)
2022-11-23 08:26:40,236:INFO:Checking exceptions
2022-11-23 08:26:40,236:INFO:Preloading libraries
2022-11-23 08:30:31,307:INFO:Initializing predict_model()
2022-11-23 08:30:31,307:INFO:predict_model(estimator=Pipeline(steps=[('dtypes',
                 DataTypes_Auto_infer(ml_usecase='regression',
                                      target='stroke')),
                ('imputer',
                 Simple_Imputer(categorical_strategy='not_available',
                                fill_value_categorical=None,
                                fill_value_numerical=None,
                                numeric_strategy='mean',
                                target_variable=None)),
                ('new_levels1',
                 New_Catagorical_Levels_in_TestData(replacement_strategy='least '
                                                                         'frequent',
                                                    target='...
                ('scaling', 'passthrough'), ('P_transform', 'passthrough'),
                ('binn', 'passthrough'), ('rem_outliers', 'passthrough'),
                ('cluster_all', 'passthrough'),
                ('dummy', Dummify(target='stroke')),
                ('fix_perfect', Remove_100(target='stroke')),
                ('clean_names', Clean_Colum_Names()),
                ('feature_select', 'passthrough'), ('fix_multi', 'passthrough'),
                ('dfs', 'passthrough'), ('pca', 'passthrough'),
                ['trained_model', Ridge(random_state=5342)]]), probability_threshold=None, encoded_labels=True, drift_report=False, raw_score=False, round=1, verbose=True, ml_usecase=MLUsecase.REGRESSION, display=None, drift_kwargs=None)
2022-11-23 08:30:31,307:INFO:Checking exceptions
2022-11-23 08:30:31,307:INFO:Preloading libraries
2022-11-23 08:30:44,632:INFO:Initializing predict_model()
2022-11-23 08:30:44,633:INFO:predict_model(estimator=Pipeline(steps=[('dtypes',
                 DataTypes_Auto_infer(ml_usecase='regression',
                                      target='stroke')),
                ('imputer',
                 Simple_Imputer(categorical_strategy='not_available',
                                fill_value_categorical=None,
                                fill_value_numerical=None,
                                numeric_strategy='mean',
                                target_variable=None)),
                ('new_levels1',
                 New_Catagorical_Levels_in_TestData(replacement_strategy='least '
                                                                         'frequent',
                                                    target='...
                ('scaling', 'passthrough'), ('P_transform', 'passthrough'),
                ('binn', 'passthrough'), ('rem_outliers', 'passthrough'),
                ('cluster_all', 'passthrough'),
                ('dummy', Dummify(target='stroke')),
                ('fix_perfect', Remove_100(target='stroke')),
                ('clean_names', Clean_Colum_Names()),
                ('feature_select', 'passthrough'), ('fix_multi', 'passthrough'),
                ('dfs', 'passthrough'), ('pca', 'passthrough'),
                ['trained_model', Ridge(random_state=5342)]]), probability_threshold=None, encoded_labels=True, drift_report=False, raw_score=False, round=1, verbose=True, ml_usecase=MLUsecase.REGRESSION, display=None, drift_kwargs=None)
2022-11-23 08:30:44,633:INFO:Checking exceptions
2022-11-23 08:30:44,633:INFO:Preloading libraries
2022-11-23 08:36:16,360:INFO:Initializing predict_model()
2022-11-23 08:36:16,360:INFO:predict_model(estimator=Pipeline(steps=[('dtypes',
                 DataTypes_Auto_infer(ml_usecase='regression',
                                      target='stroke')),
                ('imputer',
                 Simple_Imputer(categorical_strategy='not_available',
                                fill_value_categorical=None,
                                fill_value_numerical=None,
                                numeric_strategy='mean',
                                target_variable=None)),
                ('new_levels1',
                 New_Catagorical_Levels_in_TestData(replacement_strategy='least '
                                                                         'frequent',
                                                    target='...
                ('scaling', 'passthrough'), ('P_transform', 'passthrough'),
                ('binn', 'passthrough'), ('rem_outliers', 'passthrough'),
                ('cluster_all', 'passthrough'),
                ('dummy', Dummify(target='stroke')),
                ('fix_perfect', Remove_100(target='stroke')),
                ('clean_names', Clean_Colum_Names()),
                ('feature_select', 'passthrough'), ('fix_multi', 'passthrough'),
                ('dfs', 'passthrough'), ('pca', 'passthrough'),
                ['trained_model', Ridge(random_state=5342)]]), probability_threshold=None, encoded_labels=True, drift_report=False, raw_score=False, round=1, verbose=True, ml_usecase=MLUsecase.REGRESSION, display=None, drift_kwargs=None)
2022-11-23 08:36:16,360:INFO:Checking exceptions
2022-11-23 08:36:16,360:INFO:Preloading libraries
2022-11-23 08:36:52,930:INFO:Initializing predict_model()
2022-11-23 08:36:52,930:INFO:predict_model(estimator=Pipeline(steps=[('dtypes',
                 DataTypes_Auto_infer(ml_usecase='regression',
                                      target='stroke')),
                ('imputer',
                 Simple_Imputer(categorical_strategy='not_available',
                                fill_value_categorical=None,
                                fill_value_numerical=None,
                                numeric_strategy='mean',
                                target_variable=None)),
                ('new_levels1',
                 New_Catagorical_Levels_in_TestData(replacement_strategy='least '
                                                                         'frequent',
                                                    target='...
                ('scaling', 'passthrough'), ('P_transform', 'passthrough'),
                ('binn', 'passthrough'), ('rem_outliers', 'passthrough'),
                ('cluster_all', 'passthrough'),
                ('dummy', Dummify(target='stroke')),
                ('fix_perfect', Remove_100(target='stroke')),
                ('clean_names', Clean_Colum_Names()),
                ('feature_select', 'passthrough'), ('fix_multi', 'passthrough'),
                ('dfs', 'passthrough'), ('pca', 'passthrough'),
                ['trained_model', Ridge(random_state=5342)]]), probability_threshold=None, encoded_labels=True, drift_report=False, raw_score=False, round=1, verbose=True, ml_usecase=MLUsecase.REGRESSION, display=None, drift_kwargs=None)
2022-11-23 08:36:52,930:INFO:Checking exceptions
2022-11-23 08:36:52,930:INFO:Preloading libraries
2022-11-23 08:38:06,730:INFO:Initializing predict_model()
2022-11-23 08:38:06,730:INFO:predict_model(estimator=Pipeline(steps=[('dtypes',
                 DataTypes_Auto_infer(ml_usecase='regression',
                                      target='stroke')),
                ('imputer',
                 Simple_Imputer(categorical_strategy='not_available',
                                fill_value_categorical=None,
                                fill_value_numerical=None,
                                numeric_strategy='mean',
                                target_variable=None)),
                ('new_levels1',
                 New_Catagorical_Levels_in_TestData(replacement_strategy='least '
                                                                         'frequent',
                                                    target='...
                ('scaling', 'passthrough'), ('P_transform', 'passthrough'),
                ('binn', 'passthrough'), ('rem_outliers', 'passthrough'),
                ('cluster_all', 'passthrough'),
                ('dummy', Dummify(target='stroke')),
                ('fix_perfect', Remove_100(target='stroke')),
                ('clean_names', Clean_Colum_Names()),
                ('feature_select', 'passthrough'), ('fix_multi', 'passthrough'),
                ('dfs', 'passthrough'), ('pca', 'passthrough'),
                ['trained_model', Ridge(random_state=5342)]]), probability_threshold=None, encoded_labels=True, drift_report=False, raw_score=False, round=1, verbose=True, ml_usecase=MLUsecase.REGRESSION, display=None, drift_kwargs=None)
2022-11-23 08:38:06,730:INFO:Checking exceptions
2022-11-23 08:38:06,730:INFO:Preloading libraries
2022-11-23 08:39:22,544:INFO:Initializing predict_model()
2022-11-23 08:39:22,544:INFO:predict_model(estimator=Pipeline(steps=[('dtypes',
                 DataTypes_Auto_infer(ml_usecase='regression',
                                      target='stroke')),
                ('imputer',
                 Simple_Imputer(categorical_strategy='not_available',
                                fill_value_categorical=None,
                                fill_value_numerical=None,
                                numeric_strategy='mean',
                                target_variable=None)),
                ('new_levels1',
                 New_Catagorical_Levels_in_TestData(replacement_strategy='least '
                                                                         'frequent',
                                                    target='...
                ('scaling', 'passthrough'), ('P_transform', 'passthrough'),
                ('binn', 'passthrough'), ('rem_outliers', 'passthrough'),
                ('cluster_all', 'passthrough'),
                ('dummy', Dummify(target='stroke')),
                ('fix_perfect', Remove_100(target='stroke')),
                ('clean_names', Clean_Colum_Names()),
                ('feature_select', 'passthrough'), ('fix_multi', 'passthrough'),
                ('dfs', 'passthrough'), ('pca', 'passthrough'),
                ['trained_model', Ridge(random_state=5342)]]), probability_threshold=None, encoded_labels=True, drift_report=False, raw_score=False, round=1, verbose=True, ml_usecase=MLUsecase.REGRESSION, display=None, drift_kwargs=None)
2022-11-23 08:39:22,544:INFO:Checking exceptions
2022-11-23 08:39:22,545:INFO:Preloading libraries
2022-11-23 08:39:38,652:INFO:Initializing predict_model()
2022-11-23 08:39:38,652:INFO:predict_model(estimator=Pipeline(steps=[('dtypes',
                 DataTypes_Auto_infer(ml_usecase='regression',
                                      target='stroke')),
                ('imputer',
                 Simple_Imputer(categorical_strategy='not_available',
                                fill_value_categorical=None,
                                fill_value_numerical=None,
                                numeric_strategy='mean',
                                target_variable=None)),
                ('new_levels1',
                 New_Catagorical_Levels_in_TestData(replacement_strategy='least '
                                                                         'frequent',
                                                    target='...
                ('scaling', 'passthrough'), ('P_transform', 'passthrough'),
                ('binn', 'passthrough'), ('rem_outliers', 'passthrough'),
                ('cluster_all', 'passthrough'),
                ('dummy', Dummify(target='stroke')),
                ('fix_perfect', Remove_100(target='stroke')),
                ('clean_names', Clean_Colum_Names()),
                ('feature_select', 'passthrough'), ('fix_multi', 'passthrough'),
                ('dfs', 'passthrough'), ('pca', 'passthrough'),
                ['trained_model', Ridge(random_state=5342)]]), probability_threshold=None, encoded_labels=True, drift_report=False, raw_score=False, round=1, verbose=True, ml_usecase=MLUsecase.REGRESSION, display=None, drift_kwargs=None)
2022-11-23 08:39:38,652:INFO:Checking exceptions
2022-11-23 08:39:38,652:INFO:Preloading libraries
2022-11-23 08:40:11,699:INFO:Initializing predict_model()
2022-11-23 08:40:11,700:INFO:predict_model(estimator=Pipeline(steps=[('dtypes',
                 DataTypes_Auto_infer(ml_usecase='regression',
                                      target='stroke')),
                ('imputer',
                 Simple_Imputer(categorical_strategy='not_available',
                                fill_value_categorical=None,
                                fill_value_numerical=None,
                                numeric_strategy='mean',
                                target_variable=None)),
                ('new_levels1',
                 New_Catagorical_Levels_in_TestData(replacement_strategy='least '
                                                                         'frequent',
                                                    target='...
                ('scaling', 'passthrough'), ('P_transform', 'passthrough'),
                ('binn', 'passthrough'), ('rem_outliers', 'passthrough'),
                ('cluster_all', 'passthrough'),
                ('dummy', Dummify(target='stroke')),
                ('fix_perfect', Remove_100(target='stroke')),
                ('clean_names', Clean_Colum_Names()),
                ('feature_select', 'passthrough'), ('fix_multi', 'passthrough'),
                ('dfs', 'passthrough'), ('pca', 'passthrough'),
                ['trained_model', Ridge(random_state=5342)]]), probability_threshold=None, encoded_labels=True, drift_report=False, raw_score=False, round=1, verbose=True, ml_usecase=MLUsecase.REGRESSION, display=None, drift_kwargs=None)
2022-11-23 08:40:11,700:INFO:Checking exceptions
2022-11-23 08:40:11,700:INFO:Preloading libraries
2022-11-23 08:40:56,723:INFO:Initializing predict_model()
2022-11-23 08:40:56,723:INFO:predict_model(estimator=Pipeline(steps=[('dtypes',
                 DataTypes_Auto_infer(ml_usecase='regression',
                                      target='stroke')),
                ('imputer',
                 Simple_Imputer(categorical_strategy='not_available',
                                fill_value_categorical=None,
                                fill_value_numerical=None,
                                numeric_strategy='mean',
                                target_variable=None)),
                ('new_levels1',
                 New_Catagorical_Levels_in_TestData(replacement_strategy='least '
                                                                         'frequent',
                                                    target='...
                ('scaling', 'passthrough'), ('P_transform', 'passthrough'),
                ('binn', 'passthrough'), ('rem_outliers', 'passthrough'),
                ('cluster_all', 'passthrough'),
                ('dummy', Dummify(target='stroke')),
                ('fix_perfect', Remove_100(target='stroke')),
                ('clean_names', Clean_Colum_Names()),
                ('feature_select', 'passthrough'), ('fix_multi', 'passthrough'),
                ('dfs', 'passthrough'), ('pca', 'passthrough'),
                ['trained_model', Ridge(random_state=5342)]]), probability_threshold=None, encoded_labels=True, drift_report=False, raw_score=False, round=1, verbose=True, ml_usecase=MLUsecase.REGRESSION, display=None, drift_kwargs=None)
2022-11-23 08:40:56,723:INFO:Checking exceptions
2022-11-23 08:40:56,723:INFO:Preloading libraries
2022-11-23 08:41:12,550:INFO:Initializing predict_model()
2022-11-23 08:41:12,550:INFO:predict_model(estimator=Pipeline(steps=[('dtypes',
                 DataTypes_Auto_infer(ml_usecase='regression',
                                      target='stroke')),
                ('imputer',
                 Simple_Imputer(categorical_strategy='not_available',
                                fill_value_categorical=None,
                                fill_value_numerical=None,
                                numeric_strategy='mean',
                                target_variable=None)),
                ('new_levels1',
                 New_Catagorical_Levels_in_TestData(replacement_strategy='least '
                                                                         'frequent',
                                                    target='...
                ('scaling', 'passthrough'), ('P_transform', 'passthrough'),
                ('binn', 'passthrough'), ('rem_outliers', 'passthrough'),
                ('cluster_all', 'passthrough'),
                ('dummy', Dummify(target='stroke')),
                ('fix_perfect', Remove_100(target='stroke')),
                ('clean_names', Clean_Colum_Names()),
                ('feature_select', 'passthrough'), ('fix_multi', 'passthrough'),
                ('dfs', 'passthrough'), ('pca', 'passthrough'),
                ['trained_model', Ridge(random_state=5342)]]), probability_threshold=None, encoded_labels=True, drift_report=False, raw_score=False, round=1, verbose=True, ml_usecase=MLUsecase.REGRESSION, display=None, drift_kwargs=None)
2022-11-23 08:41:12,550:INFO:Checking exceptions
2022-11-23 08:41:12,550:INFO:Preloading libraries
2022-11-23 08:41:55,629:INFO:Initializing predict_model()
2022-11-23 08:41:55,629:INFO:predict_model(estimator=Pipeline(steps=[('dtypes',
                 DataTypes_Auto_infer(ml_usecase='regression',
                                      target='stroke')),
                ('imputer',
                 Simple_Imputer(categorical_strategy='not_available',
                                fill_value_categorical=None,
                                fill_value_numerical=None,
                                numeric_strategy='mean',
                                target_variable=None)),
                ('new_levels1',
                 New_Catagorical_Levels_in_TestData(replacement_strategy='least '
                                                                         'frequent',
                                                    target='...
                ('scaling', 'passthrough'), ('P_transform', 'passthrough'),
                ('binn', 'passthrough'), ('rem_outliers', 'passthrough'),
                ('cluster_all', 'passthrough'),
                ('dummy', Dummify(target='stroke')),
                ('fix_perfect', Remove_100(target='stroke')),
                ('clean_names', Clean_Colum_Names()),
                ('feature_select', 'passthrough'), ('fix_multi', 'passthrough'),
                ('dfs', 'passthrough'), ('pca', 'passthrough'),
                ['trained_model', Ridge(random_state=5342)]]), probability_threshold=None, encoded_labels=True, drift_report=False, raw_score=False, round=1, verbose=True, ml_usecase=MLUsecase.REGRESSION, display=None, drift_kwargs=None)
2022-11-23 08:41:55,629:INFO:Checking exceptions
2022-11-23 08:41:55,630:INFO:Preloading libraries
2022-11-23 08:42:17,242:INFO:Initializing predict_model()
2022-11-23 08:42:17,243:INFO:predict_model(estimator=Pipeline(steps=[('dtypes',
                 DataTypes_Auto_infer(ml_usecase='regression',
                                      target='stroke')),
                ('imputer',
                 Simple_Imputer(categorical_strategy='not_available',
                                fill_value_categorical=None,
                                fill_value_numerical=None,
                                numeric_strategy='mean',
                                target_variable=None)),
                ('new_levels1',
                 New_Catagorical_Levels_in_TestData(replacement_strategy='least '
                                                                         'frequent',
                                                    target='...
                ('scaling', 'passthrough'), ('P_transform', 'passthrough'),
                ('binn', 'passthrough'), ('rem_outliers', 'passthrough'),
                ('cluster_all', 'passthrough'),
                ('dummy', Dummify(target='stroke')),
                ('fix_perfect', Remove_100(target='stroke')),
                ('clean_names', Clean_Colum_Names()),
                ('feature_select', 'passthrough'), ('fix_multi', 'passthrough'),
                ('dfs', 'passthrough'), ('pca', 'passthrough'),
                ['trained_model', Ridge(random_state=5342)]]), probability_threshold=None, encoded_labels=True, drift_report=False, raw_score=False, round=1, verbose=True, ml_usecase=MLUsecase.REGRESSION, display=None, drift_kwargs=None)
2022-11-23 08:42:17,243:INFO:Checking exceptions
2022-11-23 08:42:17,243:INFO:Preloading libraries
2022-11-23 08:42:20,452:INFO:Initializing predict_model()
2022-11-23 08:42:20,452:INFO:predict_model(estimator=Pipeline(steps=[('dtypes',
                 DataTypes_Auto_infer(ml_usecase='regression',
                                      target='stroke')),
                ('imputer',
                 Simple_Imputer(categorical_strategy='not_available',
                                fill_value_categorical=None,
                                fill_value_numerical=None,
                                numeric_strategy='mean',
                                target_variable=None)),
                ('new_levels1',
                 New_Catagorical_Levels_in_TestData(replacement_strategy='least '
                                                                         'frequent',
                                                    target='...
                ('scaling', 'passthrough'), ('P_transform', 'passthrough'),
                ('binn', 'passthrough'), ('rem_outliers', 'passthrough'),
                ('cluster_all', 'passthrough'),
                ('dummy', Dummify(target='stroke')),
                ('fix_perfect', Remove_100(target='stroke')),
                ('clean_names', Clean_Colum_Names()),
                ('feature_select', 'passthrough'), ('fix_multi', 'passthrough'),
                ('dfs', 'passthrough'), ('pca', 'passthrough'),
                ['trained_model', Ridge(random_state=5342)]]), probability_threshold=None, encoded_labels=True, drift_report=False, raw_score=False, round=1, verbose=True, ml_usecase=MLUsecase.REGRESSION, display=None, drift_kwargs=None)
2022-11-23 08:42:20,452:INFO:Checking exceptions
2022-11-23 08:42:20,452:INFO:Preloading libraries
2022-11-23 08:43:30,037:INFO:Initializing predict_model()
2022-11-23 08:43:30,037:INFO:predict_model(estimator=Pipeline(steps=[('dtypes',
                 DataTypes_Auto_infer(ml_usecase='regression',
                                      target='stroke')),
                ('imputer',
                 Simple_Imputer(categorical_strategy='not_available',
                                fill_value_categorical=None,
                                fill_value_numerical=None,
                                numeric_strategy='mean',
                                target_variable=None)),
                ('new_levels1',
                 New_Catagorical_Levels_in_TestData(replacement_strategy='least '
                                                                         'frequent',
                                                    target='...
                ('scaling', 'passthrough'), ('P_transform', 'passthrough'),
                ('binn', 'passthrough'), ('rem_outliers', 'passthrough'),
                ('cluster_all', 'passthrough'),
                ('dummy', Dummify(target='stroke')),
                ('fix_perfect', Remove_100(target='stroke')),
                ('clean_names', Clean_Colum_Names()),
                ('feature_select', 'passthrough'), ('fix_multi', 'passthrough'),
                ('dfs', 'passthrough'), ('pca', 'passthrough'),
                ['trained_model', Ridge(random_state=5342)]]), probability_threshold=None, encoded_labels=True, drift_report=False, raw_score=False, round=1, verbose=True, ml_usecase=MLUsecase.REGRESSION, display=None, drift_kwargs=None)
2022-11-23 08:43:30,037:INFO:Checking exceptions
2022-11-23 08:43:30,037:INFO:Preloading libraries
2022-11-23 08:43:44,079:INFO:Initializing predict_model()
2022-11-23 08:43:44,079:INFO:predict_model(estimator=Pipeline(steps=[('dtypes',
                 DataTypes_Auto_infer(ml_usecase='regression',
                                      target='stroke')),
                ('imputer',
                 Simple_Imputer(categorical_strategy='not_available',
                                fill_value_categorical=None,
                                fill_value_numerical=None,
                                numeric_strategy='mean',
                                target_variable=None)),
                ('new_levels1',
                 New_Catagorical_Levels_in_TestData(replacement_strategy='least '
                                                                         'frequent',
                                                    target='...
                ('scaling', 'passthrough'), ('P_transform', 'passthrough'),
                ('binn', 'passthrough'), ('rem_outliers', 'passthrough'),
                ('cluster_all', 'passthrough'),
                ('dummy', Dummify(target='stroke')),
                ('fix_perfect', Remove_100(target='stroke')),
                ('clean_names', Clean_Colum_Names()),
                ('feature_select', 'passthrough'), ('fix_multi', 'passthrough'),
                ('dfs', 'passthrough'), ('pca', 'passthrough'),
                ['trained_model', Ridge(random_state=5342)]]), probability_threshold=None, encoded_labels=True, drift_report=False, raw_score=False, round=1, verbose=True, ml_usecase=MLUsecase.REGRESSION, display=None, drift_kwargs=None)
2022-11-23 08:43:44,079:INFO:Checking exceptions
2022-11-23 08:43:44,079:INFO:Preloading libraries
2022-11-23 08:43:56,404:INFO:Initializing predict_model()
2022-11-23 08:43:56,404:INFO:predict_model(estimator=Pipeline(steps=[('dtypes',
                 DataTypes_Auto_infer(ml_usecase='regression',
                                      target='stroke')),
                ('imputer',
                 Simple_Imputer(categorical_strategy='not_available',
                                fill_value_categorical=None,
                                fill_value_numerical=None,
                                numeric_strategy='mean',
                                target_variable=None)),
                ('new_levels1',
                 New_Catagorical_Levels_in_TestData(replacement_strategy='least '
                                                                         'frequent',
                                                    target='...
                ('scaling', 'passthrough'), ('P_transform', 'passthrough'),
                ('binn', 'passthrough'), ('rem_outliers', 'passthrough'),
                ('cluster_all', 'passthrough'),
                ('dummy', Dummify(target='stroke')),
                ('fix_perfect', Remove_100(target='stroke')),
                ('clean_names', Clean_Colum_Names()),
                ('feature_select', 'passthrough'), ('fix_multi', 'passthrough'),
                ('dfs', 'passthrough'), ('pca', 'passthrough'),
                ['trained_model', Ridge(random_state=5342)]]), probability_threshold=None, encoded_labels=True, drift_report=False, raw_score=False, round=1, verbose=True, ml_usecase=MLUsecase.REGRESSION, display=None, drift_kwargs=None)
2022-11-23 08:43:56,404:INFO:Checking exceptions
2022-11-23 08:43:56,404:INFO:Preloading libraries
2022-11-23 08:44:10,158:INFO:Initializing predict_model()
2022-11-23 08:44:10,158:INFO:predict_model(estimator=Pipeline(steps=[('dtypes',
                 DataTypes_Auto_infer(ml_usecase='regression',
                                      target='stroke')),
                ('imputer',
                 Simple_Imputer(categorical_strategy='not_available',
                                fill_value_categorical=None,
                                fill_value_numerical=None,
                                numeric_strategy='mean',
                                target_variable=None)),
                ('new_levels1',
                 New_Catagorical_Levels_in_TestData(replacement_strategy='least '
                                                                         'frequent',
                                                    target='...
                ('scaling', 'passthrough'), ('P_transform', 'passthrough'),
                ('binn', 'passthrough'), ('rem_outliers', 'passthrough'),
                ('cluster_all', 'passthrough'),
                ('dummy', Dummify(target='stroke')),
                ('fix_perfect', Remove_100(target='stroke')),
                ('clean_names', Clean_Colum_Names()),
                ('feature_select', 'passthrough'), ('fix_multi', 'passthrough'),
                ('dfs', 'passthrough'), ('pca', 'passthrough'),
                ['trained_model', Ridge(random_state=5342)]]), probability_threshold=None, encoded_labels=True, drift_report=False, raw_score=False, round=1, verbose=True, ml_usecase=MLUsecase.REGRESSION, display=None, drift_kwargs=None)
2022-11-23 08:44:10,158:INFO:Checking exceptions
2022-11-23 08:44:10,158:INFO:Preloading libraries
2022-11-23 18:23:57,449:INFO:Initializing predict_model()
2022-11-23 18:23:57,449:INFO:predict_model(estimator=Pipeline(steps=[('dtypes',
                 DataTypes_Auto_infer(ml_usecase='regression',
                                      target='stroke')),
                ('imputer',
                 Simple_Imputer(categorical_strategy='not_available',
                                fill_value_categorical=None,
                                fill_value_numerical=None,
                                numeric_strategy='mean',
                                target_variable=None)),
                ('new_levels1',
                 New_Catagorical_Levels_in_TestData(replacement_strategy='least '
                                                                         'frequent',
                                                    target='...
                ('scaling', 'passthrough'), ('P_transform', 'passthrough'),
                ('binn', 'passthrough'), ('rem_outliers', 'passthrough'),
                ('cluster_all', 'passthrough'),
                ('dummy', Dummify(target='stroke')),
                ('fix_perfect', Remove_100(target='stroke')),
                ('clean_names', Clean_Colum_Names()),
                ('feature_select', 'passthrough'), ('fix_multi', 'passthrough'),
                ('dfs', 'passthrough'), ('pca', 'passthrough'),
                ['trained_model', Ridge(random_state=5342)]]), probability_threshold=None, encoded_labels=True, drift_report=False, raw_score=False, round=1, verbose=True, ml_usecase=MLUsecase.REGRESSION, display=None, drift_kwargs=None)
2022-11-23 18:23:57,449:INFO:Checking exceptions
2022-11-23 18:23:57,449:INFO:Preloading libraries
2022-11-23 18:24:26,205:INFO:Initializing predict_model()
2022-11-23 18:24:26,206:INFO:predict_model(estimator=Pipeline(steps=[('dtypes',
                 DataTypes_Auto_infer(ml_usecase='regression',
                                      target='stroke')),
                ('imputer',
                 Simple_Imputer(categorical_strategy='not_available',
                                fill_value_categorical=None,
                                fill_value_numerical=None,
                                numeric_strategy='mean',
                                target_variable=None)),
                ('new_levels1',
                 New_Catagorical_Levels_in_TestData(replacement_strategy='least '
                                                                         'frequent',
                                                    target='...
                ('scaling', 'passthrough'), ('P_transform', 'passthrough'),
                ('binn', 'passthrough'), ('rem_outliers', 'passthrough'),
                ('cluster_all', 'passthrough'),
                ('dummy', Dummify(target='stroke')),
                ('fix_perfect', Remove_100(target='stroke')),
                ('clean_names', Clean_Colum_Names()),
                ('feature_select', 'passthrough'), ('fix_multi', 'passthrough'),
                ('dfs', 'passthrough'), ('pca', 'passthrough'),
                ['trained_model', Ridge(random_state=5342)]]), probability_threshold=None, encoded_labels=True, drift_report=False, raw_score=False, round=1, verbose=True, ml_usecase=MLUsecase.REGRESSION, display=None, drift_kwargs=None)
2022-11-23 18:24:26,206:INFO:Checking exceptions
2022-11-23 18:24:26,206:INFO:Preloading libraries
2022-11-24 14:23:50,950:INFO:Initializing load_model()
2022-11-24 14:23:50,950:INFO:load_model(model_name=my_best_pipeline3, platform=None, authentication=None, verbose=True)
2022-11-24 14:24:34,241:INFO:Initializing load_model()
2022-11-24 14:24:34,241:INFO:load_model(model_name=my_best_pipeline3, platform=None, authentication=None, verbose=True)
2022-11-24 14:24:36,133:INFO:Initializing load_model()
2022-11-24 14:24:36,133:INFO:load_model(model_name=my_best_pipeline3, platform=None, authentication=None, verbose=True)
2022-11-24 14:24:53,087:INFO:Initializing predict_model()
2022-11-24 14:24:53,087:INFO:predict_model(estimator=Pipeline(steps=[('dtypes',
                 DataTypes_Auto_infer(ml_usecase='classification',
                                      target='stroke')),
                ('imputer',
                 Simple_Imputer(categorical_strategy='not_available',
                                fill_value_categorical=None,
                                fill_value_numerical=None,
                                numeric_strategy='mean',
                                target_variable=None)),
                ('new_levels1',
                 New_Catagorical_Levels_in_TestData(replacement_strategy='least '
                                                                         'frequent',
                                                    targ...
                ('binn', 'passthrough'), ('rem_outliers', 'passthrough'),
                ('cluster_all', 'passthrough'),
                ('dummy', Dummify(target='stroke')),
                ('fix_perfect', Remove_100(target='stroke')),
                ('clean_names', Clean_Colum_Names()),
                ('feature_select', 'passthrough'), ('fix_multi', 'passthrough'),
                ('dfs', 'passthrough'), ('pca', 'passthrough'),
                ['trained_model', RidgeClassifier(random_state=8053)]]), probability_threshold=None, encoded_labels=True, drift_report=False, raw_score=False, round=1, verbose=True, ml_usecase=MLUsecase.REGRESSION, display=None, drift_kwargs=None)
2022-11-24 14:24:53,087:INFO:Checking exceptions
2022-11-24 14:24:53,087:INFO:Preloading libraries
2022-11-24 14:25:09,612:INFO:Initializing predict_model()
2022-11-24 14:25:09,612:INFO:predict_model(estimator=Pipeline(steps=[('dtypes',
                 DataTypes_Auto_infer(ml_usecase='classification',
                                      target='stroke')),
                ('imputer',
                 Simple_Imputer(categorical_strategy='not_available',
                                fill_value_categorical=None,
                                fill_value_numerical=None,
                                numeric_strategy='mean',
                                target_variable=None)),
                ('new_levels1',
                 New_Catagorical_Levels_in_TestData(replacement_strategy='least '
                                                                         'frequent',
                                                    targ...
                ('binn', 'passthrough'), ('rem_outliers', 'passthrough'),
                ('cluster_all', 'passthrough'),
                ('dummy', Dummify(target='stroke')),
                ('fix_perfect', Remove_100(target='stroke')),
                ('clean_names', Clean_Colum_Names()),
                ('feature_select', 'passthrough'), ('fix_multi', 'passthrough'),
                ('dfs', 'passthrough'), ('pca', 'passthrough'),
                ['trained_model', RidgeClassifier(random_state=8053)]]), probability_threshold=None, encoded_labels=True, drift_report=False, raw_score=False, round=1, verbose=True, ml_usecase=MLUsecase.REGRESSION, display=None, drift_kwargs=None)
2022-11-24 14:25:09,612:INFO:Checking exceptions
2022-11-24 14:25:09,612:INFO:Preloading libraries
2022-11-24 14:25:32,957:INFO:Initializing predict_model()
2022-11-24 14:25:32,957:INFO:predict_model(estimator=Pipeline(steps=[('dtypes',
                 DataTypes_Auto_infer(ml_usecase='classification',
                                      target='stroke')),
                ('imputer',
                 Simple_Imputer(categorical_strategy='not_available',
                                fill_value_categorical=None,
                                fill_value_numerical=None,
                                numeric_strategy='mean',
                                target_variable=None)),
                ('new_levels1',
                 New_Catagorical_Levels_in_TestData(replacement_strategy='least '
                                                                         'frequent',
                                                    targ...
                ('binn', 'passthrough'), ('rem_outliers', 'passthrough'),
                ('cluster_all', 'passthrough'),
                ('dummy', Dummify(target='stroke')),
                ('fix_perfect', Remove_100(target='stroke')),
                ('clean_names', Clean_Colum_Names()),
                ('feature_select', 'passthrough'), ('fix_multi', 'passthrough'),
                ('dfs', 'passthrough'), ('pca', 'passthrough'),
                ['trained_model', RidgeClassifier(random_state=8053)]]), probability_threshold=None, encoded_labels=True, drift_report=False, raw_score=False, round=1, verbose=True, ml_usecase=MLUsecase.REGRESSION, display=None, drift_kwargs=None)
2022-11-24 14:25:32,957:INFO:Checking exceptions
2022-11-24 14:25:32,957:INFO:Preloading libraries
2022-11-24 14:59:37,012:INFO:Initializing load_model()
2022-11-24 14:59:37,013:INFO:load_model(model_name=my_best_pipeline_NB, platform=None, authentication=None, verbose=True)
2022-11-24 14:59:38,874:INFO:Initializing load_model()
2022-11-24 14:59:38,874:INFO:load_model(model_name=my_best_pipeline_NB, platform=None, authentication=None, verbose=True)
2022-11-24 14:59:47,666:INFO:Initializing predict_model()
2022-11-24 14:59:47,666:INFO:predict_model(estimator=Pipeline(steps=[('dtypes',
                 DataTypes_Auto_infer(ml_usecase='classification',
                                      target='stroke')),
                ('imputer',
                 Simple_Imputer(categorical_strategy='not_available',
                                fill_value_categorical=None,
                                fill_value_numerical=None,
                                numeric_strategy='mean',
                                target_variable=None)),
                ('new_levels1',
                 New_Catagorical_Levels_in_TestData(replacement_strategy='least '
                                                                         'frequent',
                                                    targ...
                ('scaling', 'passthrough'), ('P_transform', 'passthrough'),
                ('binn', 'passthrough'), ('rem_outliers', 'passthrough'),
                ('cluster_all', 'passthrough'),
                ('dummy', Dummify(target='stroke')),
                ('fix_perfect', Remove_100(target='stroke')),
                ('clean_names', Clean_Colum_Names()),
                ('feature_select', 'passthrough'), ('fix_multi', 'passthrough'),
                ('dfs', 'passthrough'), ('pca', 'passthrough'),
                ['trained_model', GaussianNB()]]), probability_threshold=None, encoded_labels=True, drift_report=False, raw_score=False, round=1, verbose=True, ml_usecase=MLUsecase.REGRESSION, display=None, drift_kwargs=None)
2022-11-24 14:59:47,666:INFO:Checking exceptions
2022-11-24 14:59:47,666:INFO:Preloading libraries
2022-11-24 14:59:51,620:INFO:Initializing predict_model()
2022-11-24 14:59:51,620:INFO:predict_model(estimator=Pipeline(steps=[('dtypes',
                 DataTypes_Auto_infer(ml_usecase='classification',
                                      target='stroke')),
                ('imputer',
                 Simple_Imputer(categorical_strategy='not_available',
                                fill_value_categorical=None,
                                fill_value_numerical=None,
                                numeric_strategy='mean',
                                target_variable=None)),
                ('new_levels1',
                 New_Catagorical_Levels_in_TestData(replacement_strategy='least '
                                                                         'frequent',
                                                    targ...
                ('scaling', 'passthrough'), ('P_transform', 'passthrough'),
                ('binn', 'passthrough'), ('rem_outliers', 'passthrough'),
                ('cluster_all', 'passthrough'),
                ('dummy', Dummify(target='stroke')),
                ('fix_perfect', Remove_100(target='stroke')),
                ('clean_names', Clean_Colum_Names()),
                ('feature_select', 'passthrough'), ('fix_multi', 'passthrough'),
                ('dfs', 'passthrough'), ('pca', 'passthrough'),
                ['trained_model', GaussianNB()]]), probability_threshold=None, encoded_labels=True, drift_report=False, raw_score=False, round=1, verbose=True, ml_usecase=MLUsecase.REGRESSION, display=None, drift_kwargs=None)
2022-11-24 14:59:51,621:INFO:Checking exceptions
2022-11-24 14:59:51,621:INFO:Preloading libraries
2022-11-24 15:00:04,903:INFO:Initializing predict_model()
2022-11-24 15:00:04,903:INFO:predict_model(estimator=Pipeline(steps=[('dtypes',
                 DataTypes_Auto_infer(ml_usecase='classification',
                                      target='stroke')),
                ('imputer',
                 Simple_Imputer(categorical_strategy='not_available',
                                fill_value_categorical=None,
                                fill_value_numerical=None,
                                numeric_strategy='mean',
                                target_variable=None)),
                ('new_levels1',
                 New_Catagorical_Levels_in_TestData(replacement_strategy='least '
                                                                         'frequent',
                                                    targ...
                ('scaling', 'passthrough'), ('P_transform', 'passthrough'),
                ('binn', 'passthrough'), ('rem_outliers', 'passthrough'),
                ('cluster_all', 'passthrough'),
                ('dummy', Dummify(target='stroke')),
                ('fix_perfect', Remove_100(target='stroke')),
                ('clean_names', Clean_Colum_Names()),
                ('feature_select', 'passthrough'), ('fix_multi', 'passthrough'),
                ('dfs', 'passthrough'), ('pca', 'passthrough'),
                ['trained_model', GaussianNB()]]), probability_threshold=None, encoded_labels=True, drift_report=False, raw_score=False, round=1, verbose=True, ml_usecase=MLUsecase.REGRESSION, display=None, drift_kwargs=None)
2022-11-24 15:00:04,903:INFO:Checking exceptions
2022-11-24 15:00:04,903:INFO:Preloading libraries
2022-11-24 15:00:21,998:INFO:Initializing predict_model()
2022-11-24 15:00:21,998:INFO:predict_model(estimator=Pipeline(steps=[('dtypes',
                 DataTypes_Auto_infer(ml_usecase='classification',
                                      target='stroke')),
                ('imputer',
                 Simple_Imputer(categorical_strategy='not_available',
                                fill_value_categorical=None,
                                fill_value_numerical=None,
                                numeric_strategy='mean',
                                target_variable=None)),
                ('new_levels1',
                 New_Catagorical_Levels_in_TestData(replacement_strategy='least '
                                                                         'frequent',
                                                    targ...
                ('scaling', 'passthrough'), ('P_transform', 'passthrough'),
                ('binn', 'passthrough'), ('rem_outliers', 'passthrough'),
                ('cluster_all', 'passthrough'),
                ('dummy', Dummify(target='stroke')),
                ('fix_perfect', Remove_100(target='stroke')),
                ('clean_names', Clean_Colum_Names()),
                ('feature_select', 'passthrough'), ('fix_multi', 'passthrough'),
                ('dfs', 'passthrough'), ('pca', 'passthrough'),
                ['trained_model', GaussianNB()]]), probability_threshold=None, encoded_labels=True, drift_report=False, raw_score=False, round=1, verbose=True, ml_usecase=MLUsecase.REGRESSION, display=None, drift_kwargs=None)
2022-11-24 15:00:21,998:INFO:Checking exceptions
2022-11-24 15:00:21,999:INFO:Preloading libraries
2022-11-24 15:00:40,865:INFO:Initializing predict_model()
2022-11-24 15:00:40,865:INFO:predict_model(estimator=Pipeline(steps=[('dtypes',
                 DataTypes_Auto_infer(ml_usecase='classification',
                                      target='stroke')),
                ('imputer',
                 Simple_Imputer(categorical_strategy='not_available',
                                fill_value_categorical=None,
                                fill_value_numerical=None,
                                numeric_strategy='mean',
                                target_variable=None)),
                ('new_levels1',
                 New_Catagorical_Levels_in_TestData(replacement_strategy='least '
                                                                         'frequent',
                                                    targ...
                ('scaling', 'passthrough'), ('P_transform', 'passthrough'),
                ('binn', 'passthrough'), ('rem_outliers', 'passthrough'),
                ('cluster_all', 'passthrough'),
                ('dummy', Dummify(target='stroke')),
                ('fix_perfect', Remove_100(target='stroke')),
                ('clean_names', Clean_Colum_Names()),
                ('feature_select', 'passthrough'), ('fix_multi', 'passthrough'),
                ('dfs', 'passthrough'), ('pca', 'passthrough'),
                ['trained_model', GaussianNB()]]), probability_threshold=None, encoded_labels=True, drift_report=False, raw_score=False, round=1, verbose=True, ml_usecase=MLUsecase.REGRESSION, display=None, drift_kwargs=None)
2022-11-24 15:00:40,865:INFO:Checking exceptions
2022-11-24 15:00:40,865:INFO:Preloading libraries
